{"numTotalTestSuites":20,"numPassedTestSuites":20,"numFailedTestSuites":0,"numPendingTestSuites":0,"numTotalTests":54,"numPassedTests":54,"numFailedTests":0,"numPendingTests":0,"numTodoTests":0,"startTime":1775507556132,"success":true,"testResults":[{"assertionResults":[{"ancestorTitles":["","Countdown Timer"],"fullName":" Countdown Timer Calculate Countdown - should clamp to zero when target is in the past","status":"passed","title":"Calculate Countdown - should clamp to zero when target is in the past","duration":1,"failureMessages":[]},{"ancestorTitles":["","Countdown Timer"],"fullName":" Countdown Timer Calculate Countdown - should display correct days","status":"passed","title":"Calculate Countdown - should display correct days","duration":0,"failureMessages":[]},{"ancestorTitles":["","Countdown Timer"],"fullName":" Countdown Timer Calculate Countdown - should display correct hours, minutes, seconds","status":"passed","title":"Calculate Countdown - should display correct hours, minutes, seconds","duration":0,"failureMessages":[]},{"ancestorTitles":["","Countdown Timer"],"fullName":" Countdown Timer Update Timer - should update every second","status":"passed","title":"Update Timer - should update every second","duration":1,"failureMessages":[]},{"ancestorTitles":["","Countdown Timer"],"fullName":" Countdown Timer Cleanup Timer - should clear timer on unmount","status":"passed","title":"Cleanup Timer - should clear timer on unmount","duration":0,"failureMessages":[]}],"startTime":1775507556892,"endTime":1775507556894,"status":"passed","message":"","name":"/Users/tom/Desktop/MizzouSpring2026/Capstone 2/Frontend/testing/tests/countdown-timer.test.ts"},{"assertionResults":[{"ancestorTitles":["","CandlestickChart"],"fullName":" CandlestickChart Render Chart - should render with valid market data","status":"passed","title":"Render Chart - should render with valid market data","duration":1,"failureMessages":[]},{"ancestorTitles":["","CandlestickChart"],"fullName":" CandlestickChart Handle Synced Range - should sync to parent range selection","status":"passed","title":"Handle Synced Range - should sync to parent range selection","duration":0,"failureMessages":[]},{"ancestorTitles":["","RecentTrades"],"fullName":" RecentTrades Display Trades - should show latest transactions","status":"passed","title":"Display Trades - should show latest transactions","duration":0,"failureMessages":[]},{"ancestorTitles":["","RecentTrades"],"fullName":" RecentTrades Empty State - should show message when no trades available","status":"passed","title":"Empty State - should show message when no trades available","duration":0,"failureMessages":[]},{"ancestorTitles":["","StatsBadges"],"fullName":" StatsBadges Display Metrics - should show correct values","status":"passed","title":"Display Metrics - should show correct values","duration":0,"failureMessages":[]},{"ancestorTitles":["","StatsBadges"],"fullName":" StatsBadges Update Metrics - should update on portfolio change","status":"passed","title":"Update Metrics - should update on portfolio change","duration":0,"failureMessages":[]}],"startTime":1775507556892,"endTime":1775507556893,"status":"passed","message":"","name":"/Users/tom/Desktop/MizzouSpring2026/Capstone 2/Frontend/testing/tests/data-display.test.ts"},{"assertionResults":[{"ancestorTitles":["","App Integration"],"fullName":" App Integration handleNavigate - should open TradesModal when navigating to trades","status":"passed","title":"handleNavigate - should open TradesModal when navigating to trades","duration":1,"failureMessages":[]},{"ancestorTitles":["","App Integration"],"fullName":" App Integration handleNavigate - should not open TradesModal for non-trades pages","status":"passed","title":"handleNavigate - should not open TradesModal for non-trades pages","duration":0,"failureMessages":[]},{"ancestorTitles":["","App Integration"],"fullName":" App Integration handleNavigate - should open ModelParametersModal when navigating to settings","status":"passed","title":"handleNavigate - should open ModelParametersModal when navigating to settings","duration":0,"failureMessages":[]},{"ancestorTitles":["","App Integration"],"fullName":" App Integration handleNavigate - should not open ModelParametersModal for non-settings pages","status":"passed","title":"handleNavigate - should not open ModelParametersModal for non-settings pages","duration":0,"failureMessages":[]},{"ancestorTitles":["","App Integration"],"fullName":" App Integration handleSceneSelect - should update dashboard when API source selected","status":"passed","title":"handleSceneSelect - should update dashboard when API source selected","duration":0,"failureMessages":[]},{"ancestorTitles":["","App Integration"],"fullName":" App Integration Portfolio Selection - should update when portfolio changes","status":"passed","title":"Portfolio Selection - should update when portfolio changes","duration":0,"failureMessages":[]},{"ancestorTitles":["","App Integration"],"fullName":" App Integration API Error Handling - should handle connection failures","status":"passed","title":"API Error Handling - should handle connection failures","duration":0,"failureMessages":[]},{"ancestorTitles":["","App Integration"],"fullName":" App Integration Data Loading - should show loading states during fetch","status":"passed","title":"Data Loading - should show loading states during fetch","duration":0,"failureMessages":[]}],"startTime":1775507556892,"endTime":1775507556893,"status":"passed","message":"","name":"/Users/tom/Desktop/MizzouSpring2026/Capstone 2/Frontend/testing/tests/integration.test.ts"},{"assertionResults":[{"ancestorTitles":["","Iris Switch"],"fullName":" Iris Switch flip - should toggle from OFF to ON position","status":"passed","title":"flip - should toggle from OFF to ON position","duration":1,"failureMessages":[]},{"ancestorTitles":["","Iris Switch"],"fullName":" Iris Switch getSwitchOrigin - should calculate switch origin coordinates correctly","status":"passed","title":"getSwitchOrigin - should calculate switch origin coordinates correctly","duration":0,"failureMessages":[]},{"ancestorTitles":["","Iris Switch"],"fullName":" Iris Switch collapse - should transition from done to collapsing phase","status":"passed","title":"collapse - should transition from done to collapsing phase","duration":0,"failureMessages":[]},{"ancestorTitles":["","Iris Switch"],"fullName":" Iris Switch onOverlayTransitionEnd - should emit enter event when expanding phase ends","status":"passed","title":"onOverlayTransitionEnd - should emit enter event when expanding phase ends","duration":1,"failureMessages":[]},{"ancestorTitles":["","Iris Switch"],"fullName":" Iris Switch onOverlayTransitionEnd - should return to idle when collapsing phase ends","status":"passed","title":"onOverlayTransitionEnd - should return to idle when collapsing phase ends","duration":0,"failureMessages":[]},{"ancestorTitles":["","Iris Switch"],"fullName":" Iris Switch onOverlayTransitionEnd - should not change phase when idle","status":"passed","title":"onOverlayTransitionEnd - should not change phase when idle","duration":0,"failureMessages":[]},{"ancestorTitles":["","Iris Switch"],"fullName":" Iris Switch flip Prevention - should not allow flip during animation phase","status":"passed","title":"flip Prevention - should not allow flip during animation phase","duration":0,"failureMessages":[]}],"startTime":1775507556892,"endTime":1775507556894,"status":"passed","message":"","name":"/Users/tom/Desktop/MizzouSpring2026/Capstone 2/Frontend/testing/tests/iris-switch.test.ts"},{"assertionResults":[{"ancestorTitles":["","Trades Modal"],"fullName":" Trades Modal Show/Hide Modal - should display when visible prop is true","status":"passed","title":"Show/Hide Modal - should display when visible prop is true","duration":0,"failureMessages":[]},{"ancestorTitles":["","Trades Modal"],"fullName":" Trades Modal Show/Hide Modal - should hide when visible prop is false","status":"passed","title":"Show/Hide Modal - should hide when visible prop is false","duration":0,"failureMessages":[]},{"ancestorTitles":["","Trades Modal"],"fullName":" Trades Modal Close Modal - should emit close event","status":"passed","title":"Close Modal - should emit close event","duration":0,"failureMessages":[]},{"ancestorTitles":["","Trades Modal"],"fullName":" Trades Modal Close Modal - should not emit close event until close action occurs","status":"passed","title":"Close Modal - should not emit close event until close action occurs","duration":1,"failureMessages":[]},{"ancestorTitles":["","Model Parameters Modal"],"fullName":" Model Parameters Modal Show/Hide Modal - should display when visible prop is true","status":"passed","title":"Show/Hide Modal - should display when visible prop is true","duration":0,"failureMessages":[]},{"ancestorTitles":["","Model Parameters Modal"],"fullName":" Model Parameters Modal Close Modal - should emit close event","status":"passed","title":"Close Modal - should emit close event","duration":0,"failureMessages":[]},{"ancestorTitles":["","Model Parameters Modal"],"fullName":" Model Parameters Modal Close Modal - should not emit close event when no action is triggered","status":"passed","title":"Close Modal - should not emit close event when no action is triggered","duration":0,"failureMessages":[]}],"startTime":1775507556892,"endTime":1775507556894,"status":"passed","message":"","name":"/Users/tom/Desktop/MizzouSpring2026/Capstone 2/Frontend/testing/tests/modals.test.ts"},{"assertionResults":[{"ancestorTitles":["","Portfolio Dropdown"],"fullName":" Portfolio Dropdown handleChange - should select mean_reversion portfolio and update model","status":"passed","title":"handleChange - should select mean_reversion portfolio and update model","duration":1,"failureMessages":[]},{"ancestorTitles":["","Portfolio Dropdown"],"fullName":" Portfolio Dropdown handleChange - should select mlmc_strategy portfolio and update model","status":"passed","title":"handleChange - should select mlmc_strategy portfolio and update model","duration":0,"failureMessages":[]},{"ancestorTitles":["","Portfolio Dropdown"],"fullName":" Portfolio Dropdown handleChange - should not emit before user changes selection","status":"passed","title":"handleChange - should not emit before user changes selection","duration":0,"failureMessages":[]},{"ancestorTitles":["","Portfolio Dropdown"],"fullName":" Portfolio Dropdown Display Loading State - should show skeleton when loading","status":"passed","title":"Display Loading State - should show skeleton when loading","duration":1,"failureMessages":[]},{"ancestorTitles":["","Portfolio Dropdown"],"fullName":" Portfolio Dropdown Display Loading State - should show dropdown when not loading","status":"passed","title":"Display Loading State - should show dropdown when not loading","duration":0,"failureMessages":[]},{"ancestorTitles":["","Portfolio Dropdown"],"fullName":" Portfolio Dropdown Display Loading State - should switch from loading to ready state","status":"passed","title":"Display Loading State - should switch from loading to ready state","duration":0,"failureMessages":[]}],"startTime":1775507556892,"endTime":1775507556894,"status":"passed","message":"","name":"/Users/tom/Desktop/MizzouSpring2026/Capstone 2/Frontend/testing/tests/portfolio-dropdown.test.ts"},{"assertionResults":[{"ancestorTitles":["","Sidebar Navigation"],"fullName":" Sidebar Navigation Navigate to Dashboard - should emit navigate event with dashboard","status":"passed","title":"Navigate to Dashboard - should emit navigate event with dashboard","duration":1,"failureMessages":[]},{"ancestorTitles":["","Sidebar Navigation"],"fullName":" Sidebar Navigation Navigate to Trades - should emit navigate event with trades","status":"passed","title":"Navigate to Trades - should emit navigate event with trades","duration":0,"failureMessages":[]},{"ancestorTitles":["","Sidebar Navigation"],"fullName":" Sidebar Navigation Navigate to Settings - should emit navigate event with settings","status":"passed","title":"Navigate to Settings - should emit navigate event with settings","duration":1,"failureMessages":[]},{"ancestorTitles":["","Sidebar Theme"],"fullName":" Sidebar Theme toggleTheme - should switch from dark to light","status":"passed","title":"toggleTheme - should switch from dark to light","duration":0,"failureMessages":[]},{"ancestorTitles":["","Sidebar Theme"],"fullName":" Sidebar Theme toggleTheme - should switch from light to dark","status":"passed","title":"toggleTheme - should switch from light to dark","duration":0,"failureMessages":[]},{"ancestorTitles":["","Sidebar Theme"],"fullName":" Sidebar Theme Load Theme on Mount - should load dark theme by default","status":"passed","title":"Load Theme on Mount - should load dark theme by default","duration":0,"failureMessages":[]},{"ancestorTitles":["","Sidebar Theme"],"fullName":" Sidebar Theme Load Theme on Mount - should keep dark when saved theme is dark","status":"passed","title":"Load Theme on Mount - should keep dark when saved theme is dark","duration":0,"failureMessages":[]},{"ancestorTitles":["","Sidebar Theme"],"fullName":" Sidebar Theme Load Theme on Mount - should persist light theme from localStorage","status":"passed","title":"Load Theme on Mount - should persist light theme from localStorage","duration":0,"failureMessages":[]},{"ancestorTitles":["","Sidebar Theme"],"fullName":" Sidebar Theme Load Theme on Mount - should ignore unknown theme values","status":"passed","title":"Load Theme on Mount - should ignore unknown theme values","duration":0,"failureMessages":[]}],"startTime":1775507556892,"endTime":1775507556894,"status":"passed","message":"","name":"/Users/tom/Desktop/MizzouSpring2026/Capstone 2/Frontend/testing/tests/sidebar.test.ts"},{"assertionResults":[{"ancestorTitles":["","Frontend UI/UX"],"fullName":" Frontend UI/UX Navigation Experience - should enable seamless navigation","status":"passed","title":"Navigation Experience - should enable seamless navigation","duration":0,"failureMessages":[]},{"ancestorTitles":["","Frontend UI/UX"],"fullName":" Frontend UI/UX Navigation Experience - should reject unknown routes and keep current page","status":"passed","title":"Navigation Experience - should reject unknown routes and keep current page","duration":0,"failureMessages":[]},{"ancestorTitles":["","Frontend UI/UX"],"fullName":" Frontend UI/UX Theme Switching - should persist theme across reloads","status":"passed","title":"Theme Switching - should persist theme across reloads","duration":0,"failureMessages":[]},{"ancestorTitles":["","Frontend UI/UX"],"fullName":" Frontend UI/UX Theme Switching - should restore light mode when saved theme is light","status":"passed","title":"Theme Switching - should restore light mode when saved theme is light","duration":0,"failureMessages":[]},{"ancestorTitles":["","Frontend UI/UX"],"fullName":" Frontend UI/UX Responsive Design - should support all screen sizes","status":"passed","title":"Responsive Design - should support all screen sizes","duration":0,"failureMessages":[]},{"ancestorTitles":["","Frontend UI/UX"],"fullName":" Frontend UI/UX Accessibility - should have proper ARIA labels","status":"passed","title":"Accessibility - should have proper ARIA labels","duration":0,"failureMessages":[]}],"startTime":1775507556892,"endTime":1775507556893,"status":"passed","message":"","name":"/Users/tom/Desktop/MizzouSpring2026/Capstone 2/Frontend/testing/tests/usability.test.ts"}]}